<?xml version="1.0" encoding="UTF-8"?>
<!-- Generated by org.testng.reporters.JUnitReportReporter -->
<testsuite hostname="RajKumar" failures="0" tests="1" name="com.qa.fitpeo.testcases.TestCase001" time="7.305" errors="0" timestamp="2024-08-03T16:00:51 IST" skipped="0">
  <testcase classname="com.qa.fitpeo.testcases.TestCase001" name="testCaseIDOne" time="7.305"/>
  <system-out/>
</testsuite> <!-- com.qa.fitpeo.testcases.TestCase001 -->
